<?xml version="1.0" encoding="UTF-8"?>
<!-- Generated by org.testng.reporters.JUnitXMLReporter -->
<testsuite hostname="LIBRA-TEXAS" name="Test" tests="3" failures="0" timestamp="28 May 2022 08:56:43 GMT" time="55.471" errors="0">
  <testcase name="taskpage" time="12.261" classname="actitime.testscript.actiTimeScript"/>
  <testcase name="deleteTask" time="8.335" classname="actitime.testscript.actiTimeScript"/>
  <testcase name="checkIfDeleted" time="11.265" classname="actitime.testscript.actiTimeScript"/>
</testsuite> <!-- Test -->
