<?xml version="1.0" encoding="UTF-8"?>
<testng-results skipped="0" failed="0" total="1" passed="1">
  <reporter-output>
  </reporter-output>
  <suite name="Default suite" duration-ms="52176" started-at="2022-05-12T13:53:33Z" finished-at="2022-05-12T13:54:25Z">
    <groups>
    </groups>
    <test name="Default test" duration-ms="52176" started-at="2022-05-12T13:53:33Z" finished-at="2022-05-12T13:54:25Z">
      <class name="practice.NewTest">
        <test-method status="PASS" signature="loginLogoutInActitimeApplication()[pri:0, instance:practice.NewTest@2b6faea6]" name="loginLogoutInActitimeApplication" duration-ms="52164" started-at="2022-05-12T19:23:33Z" finished-at="2022-05-12T19:24:25Z">
          <reporter-output>
          </reporter-output>
        </test-method> <!-- loginLogoutInActitimeApplication -->
      </class> <!-- practice.NewTest -->
    </test> <!-- Default test -->
  </suite> <!-- Default suite -->
</testng-results>
