<?xml version="1.0" encoding="UTF-8"?>
<!-- Generated by org.testng.reporters.JUnitXMLReporter -->
<testsuite hostname="LIBRA-TEXAS" name="Default test" tests="3" failures="0" timestamp="28 May 2022 08:46:05 GMT" time="63.645" errors="0">
  <testcase name="taskpage" time="11.854" classname="actitime.testscript.actiTimeScript"/>
  <testcase name="deleteTask" time="7.898" classname="actitime.testscript.actiTimeScript"/>
  <testcase name="checkIfDeleted" time="21.324" classname="actitime.testscript.actiTimeScript"/>
</testsuite> <!-- Default test -->
