<?xml version="1.0" encoding="UTF-8"?>
<!-- Generated by org.testng.reporters.JUnitXMLReporter -->
<testsuite hostname="LIBRA-TEXAS" name="Default test" tests="2" failures="0" timestamp="12 Jul 2022 14:55:59 GMT" time="0.439" errors="0">
  <testcase name="runScenario" time="0.162" classname="actiTime.runner.TestRunner">
    <skipped/>
  </testcase> <!-- runScenario -->
  <testcase name="runScenario" time="0.004" classname="actiTime.runner.TestRunner">
    <skipped/>
  </testcase> <!-- runScenario -->
</testsuite> <!-- Default test -->
